Drill report for /home/gianluca/Progetti-CVS/ATARI/Vera-Module-RBL-XE/VERA-XE-HDMI-Expansion/VERA-XE-HDMI-Expansion.kicad_pcb
Created on Thu 23 Oct 2025 09:37:20 AM CEST

Copper Layer Stackup:
    =============================================================
    L1 :  F.Cu                      front
    L2 :  In1.Cu                    in1
    L3 :  In2.Cu                    in2
    L4 :  B.Cu                      back


Drill file 'VERA-XE-HDMI-Expansion-PTH.drl' contains
    plated through holes:
    =============================================================
    T1  0.20mm  0.008"  (25 holes)
    T2  0.40mm  0.016"  (81 holes)
    T3  0.90mm  0.035"  (4 holes)  (with 4 slots)

    Total plated holes count 110


Drill file 'VERA-XE-HDMI-Expansion-NPTH.drl' contains
    unplated through holes:
    =============================================================
    T1  3.20mm  0.126"  (1 hole)

    Total unplated holes count 1
